<?xml version="1.0" encoding="UTF-8"?>
<!-- Generated by org.testng.reporters.JUnitXMLReporter -->
<testsuite hostname="IMCBCP14-BLD" name="Test" tests="7" failures="0" timestamp="26 May 2020 09:09:58 GMT" time="70.808" errors="0">
  <testcase name="HomePageTitle" time="2.214" classname="com.globomantics.test.testcases.HomePageTest"/>
  <testcase name="gbmLogo" time="2.069" classname="com.globomantics.test.testcases.HomePageTest"/>
  <testcase name="gbmEmailIcon" time="1.582" classname="com.globomantics.test.testcases.HomePageTest"/>
  <testcase name="gbmHomePageImage" time="1.404" classname="com.globomantics.test.testcases.HomePageTest"/>
  <testcase name="enterDetails" time="4.046" classname="com.globomantics.test.testcases.HomePageTest"/>
  <testcase name="compareValues" time="8.612" classname="com.globomantics.test.testcases.NetherlandPageTest"/>
  <testcase name="compareValues" time="7.066" classname="com.globomantics.test.testcases.SwitzerlandPageTest"/>
</testsuite> <!-- Test -->
