<?xml version="1.0" encoding="UTF-8"?>
<testng-results total="1" passed="1" failed="0" skipped="0">
  <reporter-output>
  </reporter-output>
  <suite started-at="2020-06-11T13:55:04Z" name="JenkinsSuite" finished-at="2020-06-11T13:55:29Z" duration-ms="25291">
    <groups>
    </groups>
    <test started-at="2020-06-11T13:55:04Z" name="Globomatics Test in Chrome" finished-at="2020-06-11T13:55:29Z" duration-ms="25291">
      <class name="com.globomantics.test.testcases.NetherlandPageTest">
        <test-method is-config="true" signature="openBrowser()[pri:0, instance:com.globomantics.test.testcases.NetherlandPageTest@78fa769e]" started-at="2020-06-11T19:25:04Z" name="openBrowser" finished-at="2020-06-11T19:25:27Z" duration-ms="22767" status="PASS">
          <reporter-output>
          </reporter-output>
        </test-method> <!-- openBrowser -->
        <test-method signature="CompareAddressOfNetherland()[pri:0, instance:com.globomantics.test.testcases.NetherlandPageTest@78fa769e]" started-at="2020-06-11T19:25:27Z" name="CompareAddressOfNetherland" finished-at="2020-06-11T19:25:27Z" duration-ms="613" status="PASS">
          <reporter-output>
          </reporter-output>
        </test-method> <!-- CompareAddressOfNetherland -->
        <test-method is-config="true" signature="quitBrowser()[pri:0, instance:com.globomantics.test.testcases.NetherlandPageTest@78fa769e]" started-at="2020-06-11T19:25:28Z" name="quitBrowser" finished-at="2020-06-11T19:25:29Z" duration-ms="1311" status="PASS">
          <reporter-output>
          </reporter-output>
        </test-method> <!-- quitBrowser -->
      </class> <!-- com.globomantics.test.testcases.NetherlandPageTest -->
    </test> <!-- Globomatics Test in Chrome -->
  </suite> <!-- JenkinsSuite -->
</testng-results>
